<?xml version="1.0"?>
<a>Søk på nettet</a>
